[31muser 1/1 |2517620882 |stage 0/None| 2025-05-06 17:48:41,595 - main - INFO - Starting experiment
[0m[31muser 1/1 |2517620882 |stage 0/None| 2025-05-06 17:48:41,595 - main - INFO - ==============================
[0m[31muser 1/1 |2517620882 |stage 0/None| 2025-05-06 17:48:41,596 - main - INFO - Began stage 'Instuctions'
[0m[31muser 1/1 |2517620882 |stage 0/None| 2025-05-06 17:48:42,830 - main - INFO - Starting experiment
[0m[31muser 1/1 |2517620882 |stage 0/None| 2025-05-06 17:48:42,831 - main - INFO - ==============================
[0m[31muser 1/1 |2517620882 |stage 0/None| 2025-05-06 17:48:42,831 - main - INFO - Began stage 'Instuctions'
[0m[31muser 1/1 |2517620882 |stage 0/None| 2025-05-06 17:48:43,362 - main - INFO - Finished Instuctions via button press
[0m[31muser 1/1 |2517620882 |stage 0/None| 2025-05-06 17:48:43,363 - main - INFO - Finished stage 'Instuctions'
[0m[31muser 1/1 |2517620882 |stage 1/None| 2025-05-06 17:48:43,364 - main - INFO - ==============================
[0m[31muser 1/1 |2517620882 |stage 1/None| 2025-05-06 17:48:43,364 - main - INFO - Began stage 'Environment'
[0m[31muser 1/1 |2517620882 |stage 1/None| 2025-05-06 17:48:43,365 - nicewebrl.stages - INFO - ==============================
[0m[31muser 1/1 |2517620882 |stage 1/None| 2025-05-06 17:48:43,365 - nicewebrl.stages - INFO - {'desc': 'some description', 'key1': 'value1', 'key2': 'value2'}
[0m[31muser 1/1 |2517620882 |stage 1/None| 2025-05-06 17:48:43,392 - nicewebrl.stages - INFO - Getting latest stage state
[0m[31muser 1/1 |2517620882 |stage 1/None| 2025-05-06 17:48:43,394 - nicewebrl.stages - INFO - No stage state found, starting new stage
[0m[31muser 1/1 |2517620882 |stage 1/None| 2025-05-06 17:48:43,810 - main - INFO - {'message': 'Ping 550'}
[0m[31muser 1/1 |2517620882 |stage 1/None| 2025-05-06 17:48:43,834 - main - INFO - Starting experiment
[0m[31muser 1/1 |2517620882 |stage 1/None| 2025-05-06 17:48:43,835 - main - INFO - ==============================
[0m[31muser 1/1 |2517620882 |stage 1/None| 2025-05-06 17:48:43,835 - main - INFO - Began stage 'Environment'
[0m[31muser 1/1 |2517620882 |stage 1/None| 2025-05-06 17:48:43,835 - nicewebrl.stages - INFO - ==============================
[0m[31muser 1/1 |2517620882 |stage 1/None| 2025-05-06 17:48:43,835 - nicewebrl.stages - INFO - {'desc': 'some description', 'key1': 'value1', 'key2': 'value2'}
[0m[31muser 1/1 |2517620882 |stage 1/None| 2025-05-06 17:48:43,837 - nicewebrl.stages - INFO - Getting latest stage state
[0m[31muser 1/1 |2517620882 |stage 1/None| 2025-05-06 17:48:43,838 - nicewebrl.stages - INFO - Loading stage state from memory
[0m[31muser 1/1 |2517620882 |stage 1/None| 2025-05-06 17:48:44,176 - nicewebrl.stages - INFO - handle_key_press key: ArrowRight
[0m[31muser 1/1 |2517620882 |stage 1/None| 2025-05-06 17:48:44,618 - nicewebrl.stages - INFO - Environment saved file
[0m[31muser 1/1 |2517620882 |stage 1/None| 2025-05-06 17:48:44,620 - nicewebrl.stages - INFO - ∆t: 0.691
[0m[31muser 1/1 |2517620882 |stage 1/None| 2025-05-06 17:48:44,620 - nicewebrl.stages - INFO - stage state: {'nsteps': 2, 'nepisodes': 1, 'nsuccesses': 0}
[0m[31muser 1/1 |2517620882 |stage 1/None| 2025-05-06 17:48:44,620 - nicewebrl.stages - INFO - env step: 2
[0m[31muser 1/1 |2517620882 |stage 1/None| 2025-05-06 17:48:44,724 - nicewebrl.stages - INFO - handle_key_press key: ArrowLeft
[0m[31muser 1/1 |2517620882 |stage 1/None| 2025-05-06 17:48:44,731 - nicewebrl.stages - INFO - Environment saved file
[0m[31muser 1/1 |2517620882 |stage 1/None| 2025-05-06 17:48:44,732 - nicewebrl.stages - INFO - ∆t: 0.548
[0m[31muser 1/1 |2517620882 |stage 1/None| 2025-05-06 17:48:44,732 - nicewebrl.stages - INFO - stage state: {'nsteps': 3, 'nepisodes': 1, 'nsuccesses': 0}
[0m[31muser 1/1 |2517620882 |stage 1/None| 2025-05-06 17:48:44,732 - nicewebrl.stages - INFO - env step: 3
[0m[31muser 1/1 |2517620882 |stage 1/None| 2025-05-06 17:48:44,808 - main - INFO - {'message': 'Ping 8805'}
[0m[31muser 1/1 |2517620882 |stage 1/None| 2025-05-06 17:48:45,071 - nicewebrl.stages - INFO - handle_key_press key: ArrowLeft
[0m[31muser 1/1 |2517620882 |stage 1/None| 2025-05-06 17:48:45,077 - nicewebrl.stages - INFO - Environment saved file
[0m[31muser 1/1 |2517620882 |stage 1/None| 2025-05-06 17:48:45,078 - nicewebrl.stages - INFO - ∆t: 0.347
[0m[31muser 1/1 |2517620882 |stage 1/None| 2025-05-06 17:48:45,078 - nicewebrl.stages - INFO - stage state: {'nsteps': 4, 'nepisodes': 1, 'nsuccesses': 0}
[0m[31muser 1/1 |2517620882 |stage 1/None| 2025-05-06 17:48:45,078 - nicewebrl.stages - INFO - env step: 4
[0m[31muser 1/1 |2517620882 |stage 1/None| 2025-05-06 17:48:45,522 - nicewebrl.stages - INFO - handle_key_press key: ArrowLeft
[0m[31muser 1/1 |2517620882 |stage 1/None| 2025-05-06 17:48:45,534 - nicewebrl.stages - INFO - Environment saved file
[0m[31muser 1/1 |2517620882 |stage 1/None| 2025-05-06 17:48:45,535 - nicewebrl.stages - INFO - ∆t: 0.45
[0m[31muser 1/1 |2517620882 |stage 1/None| 2025-05-06 17:48:45,535 - nicewebrl.stages - INFO - stage state: {'nsteps': 5, 'nepisodes': 1, 'nsuccesses': 0}
[0m[31muser 1/1 |2517620882 |stage 1/None| 2025-05-06 17:48:45,535 - nicewebrl.stages - INFO - env step: 5
[0m[31muser 1/1 |2517620882 |stage 1/None| 2025-05-06 17:48:46,210 - nicewebrl.stages - INFO - handle_key_press key: ArrowLeft
[0m[31muser 1/1 |2517620882 |stage 1/None| 2025-05-06 17:48:46,217 - nicewebrl.stages - INFO - Environment saved file
[0m[31muser 1/1 |2517620882 |stage 1/None| 2025-05-06 17:48:46,217 - nicewebrl.stages - INFO - ∆t: 0.689
[0m[31muser 1/1 |2517620882 |stage 1/None| 2025-05-06 17:48:46,218 - nicewebrl.stages - INFO - stage state: {'nsteps': 6, 'nepisodes': 1, 'nsuccesses': 0}
[0m[31muser 1/1 |2517620882 |stage 1/None| 2025-05-06 17:48:46,218 - nicewebrl.stages - INFO - env step: 6
[0m[31muser 1/1 |2517620882 |stage 1/None| 2025-05-06 17:48:46,523 - nicewebrl.stages - INFO - handle_key_press key: ArrowUp
[0m[31muser 1/1 |2517620882 |stage 1/None| 2025-05-06 17:48:46,537 - nicewebrl.stages - INFO - Environment saved file
[0m[31muser 1/1 |2517620882 |stage 1/None| 2025-05-06 17:48:46,538 - nicewebrl.stages - INFO - ∆t: 0.312
[0m[31muser 1/1 |2517620882 |stage 1/None| 2025-05-06 17:48:46,538 - nicewebrl.stages - INFO - stage state: {'nsteps': 7, 'nepisodes': 1, 'nsuccesses': 0}
[0m[31muser 1/1 |2517620882 |stage 1/None| 2025-05-06 17:48:46,538 - nicewebrl.stages - INFO - env step: 7
[0m[31muser 1/1 |2517620882 |stage 1/None| 2025-05-06 17:48:46,754 - nicewebrl.stages - INFO - handle_key_press key: ArrowRight
[0m[31muser 1/1 |2517620882 |stage 1/None| 2025-05-06 17:48:46,767 - nicewebrl.stages - INFO - Environment saved file
[0m[31muser 1/1 |2517620882 |stage 1/None| 2025-05-06 17:48:46,768 - nicewebrl.stages - INFO - ∆t: 0.23
[0m[31muser 1/1 |2517620882 |stage 1/None| 2025-05-06 17:48:46,769 - nicewebrl.stages - INFO - stage state: {'nsteps': 8, 'nepisodes': 1, 'nsuccesses': 0}
[0m[31muser 1/1 |2517620882 |stage 1/None| 2025-05-06 17:48:46,769 - nicewebrl.stages - INFO - env step: 8
[0m[31muser 1/1 |2517620882 |stage 1/None| 2025-05-06 17:48:47,175 - nicewebrl.stages - INFO - handle_key_press key: ArrowUp
[0m[31muser 1/1 |2517620882 |stage 1/None| 2025-05-06 17:48:47,183 - nicewebrl.stages - INFO - Environment saved file
[0m[31muser 1/1 |2517620882 |stage 1/None| 2025-05-06 17:48:47,183 - nicewebrl.stages - INFO - ∆t: 0.419
[0m[31muser 1/1 |2517620882 |stage 1/None| 2025-05-06 17:48:47,183 - nicewebrl.stages - INFO - stage state: {'nsteps': 9, 'nepisodes': 1, 'nsuccesses': 0}
[0m[31muser 1/1 |2517620882 |stage 1/None| 2025-05-06 17:48:47,184 - nicewebrl.stages - INFO - env step: 9
[0m[31muser 1/1 |2517620882 |stage 1/None| 2025-05-06 17:48:47,418 - nicewebrl.stages - INFO - handle_key_press key: ArrowUp
[0m[31muser 1/1 |2517620882 |stage 1/None| 2025-05-06 17:48:47,429 - nicewebrl.stages - INFO - Environment saved file
[0m[31muser 1/1 |2517620882 |stage 1/None| 2025-05-06 17:48:47,429 - nicewebrl.stages - INFO - ∆t: 0.246
[0m[31muser 1/1 |2517620882 |stage 1/None| 2025-05-06 17:48:47,429 - nicewebrl.stages - INFO - stage state: {'nsteps': 10, 'nepisodes': 1, 'nsuccesses': 0}
[0m[31muser 1/1 |2517620882 |stage 1/None| 2025-05-06 17:48:47,430 - nicewebrl.stages - INFO - env step: 10
[0m[31muser 1/1 |2517620882 |stage 1/None| 2025-05-06 17:48:47,992 - nicewebrl.stages - INFO - handle_key_press key:  
[0m[31muser 1/1 |2517620882 |stage 1/None| 2025-05-06 17:48:48,005 - nicewebrl.stages - INFO - Environment saved file
[0m[31muser 1/1 |2517620882 |stage 1/None| 2025-05-06 17:48:48,006 - nicewebrl.stages - INFO - ∆t: 0.572
[0m[31muser 1/1 |2517620882 |stage 1/None| 2025-05-06 17:48:48,006 - nicewebrl.stages - INFO - stage state: {'nsteps': 11, 'nepisodes': 1, 'nsuccesses': 0}
[0m[31muser 1/1 |2517620882 |stage 1/None| 2025-05-06 17:48:48,006 - nicewebrl.stages - INFO - env step: 11
[0m[31muser 1/1 |2517620882 |stage 1/None| 2025-05-06 17:48:48,347 - nicewebrl.stages - INFO - handle_key_press key:  
[0m[31muser 1/1 |2517620882 |stage 1/None| 2025-05-06 17:48:48,360 - nicewebrl.stages - INFO - Environment saved file
[0m[31muser 1/1 |2517620882 |stage 1/None| 2025-05-06 17:48:48,361 - nicewebrl.stages - INFO - ∆t: 0.356
[0m[31muser 1/1 |2517620882 |stage 1/None| 2025-05-06 17:48:48,361 - nicewebrl.stages - INFO - stage state: {'nsteps': 12, 'nepisodes': 1, 'nsuccesses': 0}
[0m[31muser 1/1 |2517620882 |stage 1/None| 2025-05-06 17:48:48,362 - nicewebrl.stages - INFO - env step: 12
[0m[31muser 1/1 |2517620882 |stage 1/None| 2025-05-06 17:48:48,841 - nicewebrl.stages - INFO - handle_key_press key: p
[0m[31muser 1/1 |2517620882 |stage 1/None| 2025-05-06 17:48:48,850 - nicewebrl.stages - INFO - Environment saved file
[0m[31muser 1/1 |2517620882 |stage 1/None| 2025-05-06 17:48:48,850 - nicewebrl.stages - INFO - ∆t: 0.493
[0m[31muser 1/1 |2517620882 |stage 1/None| 2025-05-06 17:48:48,851 - nicewebrl.stages - INFO - stage state: {'nsteps': 13, 'nepisodes': 1, 'nsuccesses': 0}
[0m[31muser 1/1 |2517620882 |stage 1/None| 2025-05-06 17:48:48,851 - nicewebrl.stages - INFO - env step: 13
[0m[31muser 1/1 |2517620882 |stage 1/None| 2025-05-06 17:48:51,308 - nicewebrl.utils - ERROR - 0. Task was cancelled. Cleaning up and retrying...
[0m[31muser 1/1 |2517620882 |stage 1/None| 2025-05-06 17:48:51,309 - nicewebrl.utils - ERROR - Error: ''
[0m